<?xml version="1.0" encoding="UTF-8"?>
<testsuite xmlns:xsi="http://www.w3.org/2001/XMLSchema-instance" xsi:noNamespaceSchemaLocation="https://maven.apache.org/surefire/maven-surefire-plugin/xsd/surefire-test-report-3.0.xsd" version="3.0" name="com.cc91.service.AuthServiceTest" time="0.605" tests="5" errors="0" skipped="0" failures="0">
  <properties>
[...]
</properties>
  <testcase name="register_MultipleRequestsForSameEmail_Succeeds" classname="com.cc91.service.AuthServiceTest" time="0.055">
    <system-out><![CDATA[2026-04-12 16:46:20 - Could not detect default configuration classes for test class [com.cc91.service.AuthServiceTest]: AuthServiceTest does not declare any static, non-private, non-final, nested classes annotated with @Configuration.
2026-04-12 16:46:20 - Found @SpringBootConfiguration com.cc91.Cc91Application for test class com.cc91.service.AuthServiceTest

  .   ____          _            __ _ _
 /\\ / ___'_ __ _ _(_)_ __  __ _ \ \ \ \
( ( )\___ | '_ | '_| | '_ \/ _` | \ \ \ \
 \\/  ___)| |_)| | | | | || (_| |  ) ) ) )
  '  |____| .__|_| |_|_| |_\__, | / / / /
 =========|_|==============|___/=/_/_/_/
 :: Spring Boot ::                (v3.2.0)

2026-04-12 16:46:20 - Starting AuthServiceTest using Java 24.0.1 with PID 82828 (started by 18421 in D:\aToys\LargeScale\backend-spring-boot)
2026-04-12 16:46:20 - Running with Spring Boot v3.2.0, Spring v6.1.1
2026-04-12 16:46:20 - The following 1 profile is active: "test"
2026-04-12 16:46:20 - Bootstrapping Spring Data JPA repositories in DEFAULT mode.
2026-04-12 16:46:20 - Finished Spring Data repository scanning in 12 ms. Found 3 JPA repository interfaces.
2026-04-12 16:46:20 - HHH000204: Processing PersistenceUnitInfo [name: default]
2026-04-12 16:46:20 - HHH000026: Second-level cache disabled
2026-04-12 16:46:20 - No LoadTimeWeaver setup: ignoring JPA class transformer
2026-04-12 16:46:20 - HikariPool-2 - Starting...
2026-04-12 16:46:20 - HikariPool-2 - Added connection conn5: url=jdbc:h2:mem:testdb user=SA
2026-04-12 16:46:20 - HikariPool-2 - Start completed.
2026-04-12 16:46:20 - HHH000511: The 2.2.0 version for [org.hibernate.dialect.MySQLDialect] is no longer supported, hence certain features may not work properly. The minimum supported version is 5.7.0. Check the community dialects project for available legacy versions.
2026-04-12 16:46:20 - HHH90000025: MySQLDialect does not need to be specified explicitly using 'hibernate.dialect' (remove the property setting and it will be selected by default)
2026-04-12 16:46:20 - HHH000489: No JTA platform available (set 'hibernate.transaction.jta.platform' to enable JTA platform integration)
2026-04-12 16:46:20 - 
    drop table if exists refresh_tokens
2026-04-12 16:46:20 - 
    drop table if exists users
2026-04-12 16:46:20 - 
    drop table if exists verification_codes
2026-04-12 16:46:20 - 
    create table refresh_tokens (
        revoked bit not null,
        created_at datetime(6) not null,
        expires_at datetime(6) not null,
        id bigint not null auto_increment,
        user_id bigint not null,
        token varchar(500) not null,
        primary key (id)
    ) engine=InnoDB
2026-04-12 16:46:20 - 
    create table users (
        failed_login_attempts integer,
        is_locked bit not null,
        created_at datetime(6) not null,
        id bigint not null auto_increment,
        lock_until datetime(6),
        updated_at datetime(6),
        username varchar(50) not null,
        email varchar(100) not null,
        password_hash varchar(255) not null,
        primary key (id)
    ) engine=InnoDB
2026-04-12 16:46:20 - 
    create table verification_codes (
        used bit not null,
        created_at datetime(6) not null,
        expires_at datetime(6) not null,
        id bigint not null auto_increment,
        code varchar(10) not null,
        type varchar(20) not null,
        email varchar(100) not null,
        primary key (id)
    ) engine=InnoDB
2026-04-12 16:46:20 - 
    create index idx_user_id 
       on refresh_tokens (user_id)
2026-04-12 16:46:20 - 
    alter table refresh_tokens 
       add constraint UK_ghpmfn23vmxfu3spu3lfg4r2d unique (token)
2026-04-12 16:46:20 - 
    create index idx_locked 
       on users (is_locked, lock_until)
2026-04-12 16:46:20 - 
    alter table users 
       add constraint UK_r43af9ap4edm43mmtq01oddj6 unique (username)
2026-04-12 16:46:20 - 
    alter table users 
       add constraint UK_6dotkott2kjsp8vw4d0m25fb7 unique (email)
2026-04-12 16:46:20 - 
    create index idx_email_code 
       on verification_codes (email, code)
2026-04-12 16:46:20 - 
    create index idx_type 
       on verification_codes (type)
2026-04-12 16:46:20 - Initialized JPA EntityManagerFactory for persistence unit 'default'
2026-04-12 16:46:20 - Will secure any request with [org.springframework.security.web.session.DisableEncodeUrlFilter@50e7f88b, org.springframework.security.web.context.request.async.WebAsyncManagerIntegrationFilter@7a461744, org.springframework.security.web.context.SecurityContextHolderFilter@641bd93e, org.springframework.security.web.header.HeaderWriterFilter@76a41af0, org.springframework.web.filter.CorsFilter@6b1cc2fb, org.springframework.security.web.authentication.logout.LogoutFilter@7eba962d, com.cc91.security.JwtAuthenticationFilter@5524e471, org.springframework.security.web.savedrequest.RequestCacheAwareFilter@62d10834, org.springframework.security.web.servletapi.SecurityContextHolderAwareRequestFilter@34f4fd04, org.springframework.security.web.authentication.AnonymousAuthenticationFilter@173e4b75, org.springframework.security.web.session.SessionManagementFilter@7a1148f2, org.springframework.security.web.access.ExceptionTranslationFilter@4c04188, org.springframework.security.web.access.intercept.AuthorizationFilter@74f6237]
2026-04-12 16:46:21 - Started AuthServiceTest in 0.515 seconds (process running for 7.583)
2026-04-12 16:46:21 - 
    select
        u1_0.id 
    from
        users u1_0 
    where
        u1_0.username=? 
    limit
        ?
2026-04-12 16:46:21 - 
    select
        u1_0.id 
    from
        users u1_0 
    where
        u1_0.email=? 
    limit
        ?
2026-04-12 16:46:21 - 
    insert 
    into
        verification_codes
        (code, created_at, email, expires_at, type, used) 
    values
        (?, ?, ?, ?, ?, ?)
2026-04-12 16:46:21 - ====== 验证码 =======
2026-04-12 16:46:21 - 邮箱: test@example.com
2026-04-12 16:46:21 - 验证码: 769121
2026-04-12 16:46:21 - 过期时间: 2026-04-12T16:56:21.120574200
2026-04-12 16:46:21 - ====================
2026-04-12 16:46:21 - 
    select
        u1_0.id 
    from
        users u1_0 
    where
        u1_0.username=? 
    limit
        ?
2026-04-12 16:46:21 - 
    select
        u1_0.id 
    from
        users u1_0 
    where
        u1_0.email=? 
    limit
        ?
2026-04-12 16:46:21 - 
    insert 
    into
        verification_codes
        (code, created_at, email, expires_at, type, used) 
    values
        (?, ?, ?, ?, ?, ?)
2026-04-12 16:46:21 - ====== 验证码 =======
2026-04-12 16:46:21 - 邮箱: test@example.com
2026-04-12 16:46:21 - 验证码: 979507
2026-04-12 16:46:21 - 过期时间: 2026-04-12T16:56:21.137572800
2026-04-12 16:46:21 - ====================
]]></system-out>
  </testcase>
  <testcase name="authService_IsAutowired" classname="com.cc91.service.AuthServiceTest" time="0.002"/>
  <testcase name="register_ValidData_ReturnsResponse" classname="com.cc91.service.AuthServiceTest" time="0.008">
    <system-out><![CDATA[2026-04-12 16:46:21 - 
    select
        u1_0.id 
    from
        users u1_0 
    where
        u1_0.username=? 
    limit
        ?
2026-04-12 16:46:21 - 
    select
        u1_0.id 
    from
        users u1_0 
    where
        u1_0.email=? 
    limit
        ?
2026-04-12 16:46:21 - 
    insert 
    into
        verification_codes
        (code, created_at, email, expires_at, type, used) 
    values
        (?, ?, ?, ?, ?, ?)
2026-04-12 16:46:21 - ====== 验证码 =======
2026-04-12 16:46:21 - 邮箱: test1775983581146@example.com
2026-04-12 16:46:21 - 验证码: 661143
2026-04-12 16:46:21 - 过期时间: 2026-04-12T16:56:21.149574900
2026-04-12 16:46:21 - ====================
]]></system-out>
  </testcase>
  <testcase name="authService_IsNotNull" classname="com.cc91.service.AuthServiceTest" time="0.003"/>
  <testcase name="authService_IsInstanceOfAuthService" classname="com.cc91.service.AuthServiceTest" time="0.003"/>
</testsuite>