<?xml version="1.0" encoding="UTF-8"?>
<testsuite xmlns:xsi="http://www.w3.org/2001/XMLSchema-instance" xsi:noNamespaceSchemaLocation="https://maven.apache.org/surefire/maven-surefire-plugin/xsd/surefire-test-report-3.0.xsd" version="3.0" name="com.cc91.controller.AuthControllerTest" time="6.441" tests="10" errors="0" skipped="0" failures="0">
  <properties>
[...]
</properties>
  <testcase name="register_InvalidEmail_Returns400" classname="com.cc91.controller.AuthControllerTest" time="0.45">
    <system-out><![CDATA[16:46:14.263 [main] INFO org.springframework.test.context.support.AnnotationConfigContextLoaderUtils -- Could not detect default configuration classes for test class [com.cc91.controller.AuthControllerTest]: AuthControllerTest does not declare any static, non-private, non-final, nested classes annotated with @Configuration.
16:46:14.393 [main] INFO org.springframework.boot.test.context.SpringBootTestContextBootstrapper -- Found @SpringBootConfiguration com.cc91.Cc91Application for test class com.cc91.controller.AuthControllerTest

  .   ____          _            __ _ _
 /\\ / ___'_ __ _ _(_)_ __  __ _ \ \ \ \
( ( )\___ | '_ | '_| | '_ \/ _` | \ \ \ \
 \\/  ___)| |_)| | | | | || (_| |  ) ) ) )
  '  |____| .__|_| |_|_| |_\__, | / / / /
 =========|_|==============|___/=/_/_/_/
 :: Spring Boot ::                (v3.2.0)

2026-04-12 16:46:14 - Starting AuthControllerTest using Java 24.0.1 with PID 82828 (started by 18421 in D:\aToys\LargeScale\backend-spring-boot)
2026-04-12 16:46:14 - Running with Spring Boot v3.2.0, Spring v6.1.1
2026-04-12 16:46:14 - The following 1 profile is active: "test"
2026-04-12 16:46:15 - Bootstrapping Spring Data JPA repositories in DEFAULT mode.
2026-04-12 16:46:15 - Finished Spring Data repository scanning in 49 ms. Found 3 JPA repository interfaces.
2026-04-12 16:46:16 - HHH000204: Processing PersistenceUnitInfo [name: default]
2026-04-12 16:46:16 - HHH000412: Hibernate ORM core version 6.3.1.Final
2026-04-12 16:46:16 - HHH000026: Second-level cache disabled
2026-04-12 16:46:17 - No LoadTimeWeaver setup: ignoring JPA class transformer
2026-04-12 16:46:17 - HikariPool-1 - Starting...
2026-04-12 16:46:17 - HikariPool-1 - Added connection conn0: url=jdbc:h2:mem:testdb user=SA
2026-04-12 16:46:17 - HikariPool-1 - Start completed.
2026-04-12 16:46:17 - HHH000511: The 2.2.0 version for [org.hibernate.dialect.MySQLDialect] is no longer supported, hence certain features may not work properly. The minimum supported version is 5.7.0. Check the community dialects project for available legacy versions.
2026-04-12 16:46:17 - HHH90000025: MySQLDialect does not need to be specified explicitly using 'hibernate.dialect' (remove the property setting and it will be selected by default)
2026-04-12 16:46:17 - HHH000489: No JTA platform available (set 'hibernate.transaction.jta.platform' to enable JTA platform integration)
2026-04-12 16:46:17 - 
    drop table if exists refresh_tokens
2026-04-12 16:46:17 - 
    drop table if exists users
2026-04-12 16:46:17 - 
    drop table if exists verification_codes
2026-04-12 16:46:17 - 
    create table refresh_tokens (
        revoked bit not null,
        created_at datetime(6) not null,
        expires_at datetime(6) not null,
        id bigint not null auto_increment,
        user_id bigint not null,
        token varchar(500) not null,
        primary key (id)
    ) engine=InnoDB
2026-04-12 16:46:17 - 
    create table users (
        failed_login_attempts integer,
        is_locked bit not null,
        created_at datetime(6) not null,
        id bigint not null auto_increment,
        lock_until datetime(6),
        updated_at datetime(6),
        username varchar(50) not null,
        email varchar(100) not null,
        password_hash varchar(255) not null,
        primary key (id)
    ) engine=InnoDB
2026-04-12 16:46:17 - 
    create table verification_codes (
        used bit not null,
        created_at datetime(6) not null,
        expires_at datetime(6) not null,
        id bigint not null auto_increment,
        code varchar(10) not null,
        type varchar(20) not null,
        email varchar(100) not null,
        primary key (id)
    ) engine=InnoDB
2026-04-12 16:46:17 - 
    create index idx_user_id 
       on refresh_tokens (user_id)
2026-04-12 16:46:17 - 
    alter table refresh_tokens 
       add constraint UK_ghpmfn23vmxfu3spu3lfg4r2d unique (token)
2026-04-12 16:46:17 - 
    create index idx_locked 
       on users (is_locked, lock_until)
2026-04-12 16:46:17 - 
    alter table users 
       add constraint UK_r43af9ap4edm43mmtq01oddj6 unique (username)
2026-04-12 16:46:17 - 
    alter table users 
       add constraint UK_6dotkott2kjsp8vw4d0m25fb7 unique (email)
2026-04-12 16:46:17 - 
    create index idx_email_code 
       on verification_codes (email, code)
2026-04-12 16:46:17 - 
    create index idx_type 
       on verification_codes (type)
2026-04-12 16:46:17 - Initialized JPA EntityManagerFactory for persistence unit 'default'
2026-04-12 16:46:19 - Will secure any request with [org.springframework.security.web.session.DisableEncodeUrlFilter@4ee1c29a, org.springframework.security.web.context.request.async.WebAsyncManagerIntegrationFilter@28d1b2f, org.springframework.security.web.context.SecurityContextHolderFilter@128d397c, org.springframework.security.web.header.HeaderWriterFilter@3a286095, org.springframework.web.filter.CorsFilter@5f32de90, org.springframework.security.web.authentication.logout.LogoutFilter@43735ea0, com.cc91.security.JwtAuthenticationFilter@51bc649e, org.springframework.security.web.savedrequest.RequestCacheAwareFilter@395abe85, org.springframework.security.web.servletapi.SecurityContextHolderAwareRequestFilter@55849272, org.springframework.security.web.authentication.AnonymousAuthenticationFilter@1181526e, org.springframework.security.web.session.SessionManagementFilter@c76762, org.springframework.security.web.access.ExceptionTranslationFilter@33d08a24, org.springframework.security.web.access.intercept.AuthorizationFilter@4960b819]
2026-04-12 16:46:19 - Filter 'jwtAuthenticationFilter' configured for use
2026-04-12 16:46:19 - Initializing Spring TestDispatcherServlet ''
2026-04-12 16:46:19 - Initializing Servlet ''
2026-04-12 16:46:19 - Completed initialization in 1 ms
2026-04-12 16:46:19 - Started AuthControllerTest in 5.259 seconds (process running for 6.273)
2026-04-12 16:46:20 - Securing POST /api/auth/register
2026-04-12 16:46:20 - Set SecurityContextHolder to anonymous SecurityContext
2026-04-12 16:46:20 - Secured POST /api/auth/register
2026-04-12 16:46:20 - Validation failed: {email=邮箱格式不正确}
]]></system-out>
    <system-err><![CDATA[WARNING: A Java agent has been loaded dynamically (C:\Users\18421\.m2\repository\net\bytebuddy\byte-buddy-agent\1.14.10\byte-buddy-agent-1.14.10.jar)
WARNING: If a serviceability tool is in use, please run with -XX:+EnableDynamicAgentLoading to hide this warning
WARNING: If a serviceability tool is not in use, please run with -Djdk.instrument.traceUsage for more information
WARNING: Dynamic loading of agents will be disallowed by default in a future release
]]></system-err>
  </testcase>
  <testcase name="register_ShortPassword_Returns400" classname="com.cc91.controller.AuthControllerTest" time="0.019">
    <system-out><![CDATA[2026-04-12 16:46:20 - Securing POST /api/auth/register
2026-04-12 16:46:20 - Set SecurityContextHolder to anonymous SecurityContext
2026-04-12 16:46:20 - Secured POST /api/auth/register
2026-04-12 16:46:20 - Validation failed: {password=密码长度至少为6个字符}
]]></system-out>
  </testcase>
  <testcase name="verifyEmail_MissingEmail_Returns400" classname="com.cc91.controller.AuthControllerTest" time="0.01">
    <system-out><![CDATA[2026-04-12 16:46:20 - Securing POST /api/auth/verify-email
2026-04-12 16:46:20 - Set SecurityContextHolder to anonymous SecurityContext
2026-04-12 16:46:20 - Secured POST /api/auth/verify-email
2026-04-12 16:46:20 - Validation failed: {email=邮箱不能为空}
]]></system-out>
  </testcase>
  <testcase name="verifyEmail_InvalidCodeFormat_Returns400" classname="com.cc91.controller.AuthControllerTest" time="0.006">
    <system-out><![CDATA[2026-04-12 16:46:20 - Securing POST /api/auth/verify-email
2026-04-12 16:46:20 - Set SecurityContextHolder to anonymous SecurityContext
2026-04-12 16:46:20 - Secured POST /api/auth/verify-email
2026-04-12 16:46:20 - Validation failed: {code=验证码必须为6位数字}
]]></system-out>
  </testcase>
  <testcase name="login_MissingPassword_Returns400" classname="com.cc91.controller.AuthControllerTest" time="0.008">
    <system-out><![CDATA[2026-04-12 16:46:20 - Securing POST /api/auth/login
2026-04-12 16:46:20 - Set SecurityContextHolder to anonymous SecurityContext
2026-04-12 16:46:20 - Secured POST /api/auth/login
2026-04-12 16:46:20 - Validation failed: {password=密码不能为空}
]]></system-out>
  </testcase>
  <testcase name="register_EmptyUsername_Returns400" classname="com.cc91.controller.AuthControllerTest" time="0.007">
    <system-out><![CDATA[2026-04-12 16:46:20 - Securing POST /api/auth/register
2026-04-12 16:46:20 - Set SecurityContextHolder to anonymous SecurityContext
2026-04-12 16:46:20 - Secured POST /api/auth/register
2026-04-12 16:46:20 - Validation failed: {username=用户名不能为空}
]]></system-out>
  </testcase>
  <testcase name="register_ShortUsername_Returns400" classname="com.cc91.controller.AuthControllerTest" time="0.007">
    <system-out><![CDATA[2026-04-12 16:46:20 - Securing POST /api/auth/register
2026-04-12 16:46:20 - Set SecurityContextHolder to anonymous SecurityContext
2026-04-12 16:46:20 - Secured POST /api/auth/register
2026-04-12 16:46:20 - Validation failed: {username=用户名长度必须在3-20个字符之间}
]]></system-out>
  </testcase>
  <testcase name="register_ValidRequest_Returns201" classname="com.cc91.controller.AuthControllerTest" time="0.237">
    <system-out><![CDATA[2026-04-12 16:46:20 - Securing POST /api/auth/register
2026-04-12 16:46:20 - Set SecurityContextHolder to anonymous SecurityContext
2026-04-12 16:46:20 - Secured POST /api/auth/register
2026-04-12 16:46:20 - 
    select
        u1_0.id 
    from
        users u1_0 
    where
        u1_0.username=? 
    limit
        ?
2026-04-12 16:46:20 - 
    select
        u1_0.id 
    from
        users u1_0 
    where
        u1_0.email=? 
    limit
        ?
2026-04-12 16:46:20 - 
    insert 
    into
        verification_codes
        (code, created_at, email, expires_at, type, used) 
    values
        (?, ?, ?, ?, ?, ?)
2026-04-12 16:46:20 - ====== 验证码 =======
2026-04-12 16:46:20 - 邮箱: test@example.com
2026-04-12 16:46:20 - 验证码: 560247
2026-04-12 16:46:20 - 过期时间: 2026-04-12T16:56:20.459158800
2026-04-12 16:46:20 - ====================
]]></system-out>
  </testcase>
  <testcase name="login_MissingUsername_Returns400" classname="com.cc91.controller.AuthControllerTest" time="0.004">
    <system-out><![CDATA[2026-04-12 16:46:20 - Securing POST /api/auth/login
2026-04-12 16:46:20 - Set SecurityContextHolder to anonymous SecurityContext
2026-04-12 16:46:20 - Secured POST /api/auth/login
2026-04-12 16:46:20 - Validation failed: {username=用户名不能为空}
]]></system-out>
  </testcase>
  <testcase name="health_Returns200" classname="com.cc91.controller.AuthControllerTest" time="0.004">
    <system-out><![CDATA[2026-04-12 16:46:20 - Securing GET /api/auth/health
2026-04-12 16:46:20 - Set SecurityContextHolder to anonymous SecurityContext
2026-04-12 16:46:20 - Secured GET /api/auth/health
]]></system-out>
  </testcase>
</testsuite>